<?xml version="1.0" encoding="UTF-8"?>
<coverage generated="1775460418222" clover="3.2.0">
  <project timestamp="1775460418222" name="All files">
    <metrics statements="27" coveredstatements="27" conditionals="20" coveredconditionals="19" methods="14" coveredmethods="14" elements="61" coveredelements="60" complexity="0" loc="27" ncloc="27" packages="1" files="1" classes="1"/>
    <file name="App.tsx" path="/Users/emily/Documents/dev/zavtra/tooling/latex-preview/src/App.tsx">
      <metrics statements="27" coveredstatements="27" conditionals="20" coveredconditionals="19" methods="14" coveredmethods="14"/>
      <line num="21" count="26" type="stmt"/>
      <line num="25" count="1" type="stmt"/>
      <line num="46" count="13" type="stmt"/>
      <line num="47" count="5" type="cond" truecount="2" falsecount="0"/>
      <line num="49" count="13" type="stmt"/>
      <line num="50" count="13" type="stmt"/>
      <line num="51" count="13" type="stmt"/>
      <line num="54" count="13" type="stmt"/>
      <line num="55" count="7" type="stmt"/>
      <line num="59" count="13" type="stmt"/>
      <line num="60" count="2" type="cond" truecount="2" falsecount="0"/>
      <line num="61" count="1" type="stmt"/>
      <line num="66" count="13" type="stmt"/>
      <line num="67" count="1" type="stmt"/>
      <line num="68" count="1" type="stmt"/>
      <line num="69" count="1" type="stmt"/>
      <line num="73" count="13" type="stmt"/>
      <line num="76" count="13" type="stmt"/>
      <line num="77" count="9" type="stmt"/>
      <line num="78" count="1" type="cond" truecount="3" falsecount="1"/>
      <line num="79" count="1" type="stmt"/>
      <line num="82" count="9" type="stmt"/>
      <line num="83" count="9" type="stmt"/>
      <line num="86" count="13" type="stmt"/>
      <line num="142" count="1" type="stmt"/>
      <line num="173" count="13" type="stmt"/>
      <line num="174" count="35" type="stmt"/>
    </file>
  </project>
</coverage>
