{"/Users/emily/Documents/dev/zavtra/tooling/latex-preview/src/App.tsx": {"path":"/Users/emily/Documents/dev/zavtra/tooling/latex-preview/src/App.tsx","statementMap":{"0":{"start":{"line":21,"column":2},"end":{"line":21,"column":null}},"1":{"start":{"line":25,"column":24},"end":{"line":25,"column":null}},"2":{"start":{"line":46,"column":18},"end":{"line":48,"column":null}},"3":{"start":{"line":47,"column":4},"end":{"line":47,"column":null}},"4":{"start":{"line":49,"column":17},"end":{"line":49,"column":45}},"5":{"start":{"line":50,"column":21},"end":{"line":50,"column":53}},"6":{"start":{"line":51,"column":8},"end":{"line":51,"column":55}},"7":{"start":{"line":54,"column":2},"end":{"line":56,"column":null}},"8":{"start":{"line":55,"column":4},"end":{"line":55,"column":null}},"9":{"start":{"line":59,"column":8},"end":{"line":61,"column":null}},"10":{"start":{"line":60,"column":4},"end":{"line":61,"column":null}},"11":{"start":{"line":61,"column":6},"end":{"line":61,"column":null}},"12":{"start":{"line":66,"column":8},"end":{"line":69,"column":null}},"13":{"start":{"line":67,"column":4},"end":{"line":67,"column":null}},"14":{"start":{"line":68,"column":4},"end":{"line":68,"column":null}},"15":{"start":{"line":69,"column":4},"end":{"line":69,"column":null}},"16":{"start":{"line":69,"column":21},"end":{"line":69,"column":37}},"17":{"start":{"line":73,"column":8},"end":{"line":73,"column":59}},"18":{"start":{"line":73,"column":33},"end":{"line":73,"column":59}},"19":{"start":{"line":76,"column":2},"end":{"line":84,"column":null}},"20":{"start":{"line":77,"column":10},"end":{"line":79,"column":null}},"21":{"start":{"line":78,"column":6},"end":{"line":79,"column":null}},"22":{"start":{"line":79,"column":8},"end":{"line":79,"column":null}},"23":{"start":{"line":82,"column":4},"end":{"line":82,"column":null}},"24":{"start":{"line":83,"column":4},"end":{"line":83,"column":null}},"25":{"start":{"line":83,"column":17},"end":{"line":83,"column":69}},"26":{"start":{"line":86,"column":2},"end":{"line":189,"column":null}},"27":{"start":{"line":142,"column":29},"end":{"line":142,"column":55}},"28":{"start":{"line":173,"column":46},"end":{"line":173,"column":null}},"29":{"start":{"line":174,"column":45},"end":{"line":174,"column":null}}},"fnMap":{"0":{"name":"cn","decl":{"start":{"line":20,"column":9},"end":{"line":20,"column":12}},"loc":{"start":{"line":20,"column":37},"end":{"line":21,"column":null}},"line":20},"1":{"name":"App","decl":{"start":{"line":45,"column":9},"end":{"line":45,"column":15}},"loc":{"start":{"line":45,"column":15},"end":{"line":189,"column":null}},"line":45},"2":{"name":"(anonymous_2)","decl":{"start":{"line":46,"column":32},"end":{"line":46,"column":47}},"loc":{"start":{"line":46,"column":47},"end":{"line":48,"column":null}},"line":46},"3":{"name":"(anonymous_3)","decl":{"start":{"line":54,"column":2},"end":{"line":54,"column":18}},"loc":{"start":{"line":54,"column":18},"end":{"line":56,"column":6}},"line":54},"4":{"name":"(anonymous_4)","decl":{"start":{"line":59,"column":8},"end":{"line":59,"column":28}},"loc":{"start":{"line":59,"column":28},"end":{"line":61,"column":null}},"line":59},"5":{"name":"(anonymous_5)","decl":{"start":{"line":66,"column":8},"end":{"line":66,"column":27}},"loc":{"start":{"line":66,"column":27},"end":{"line":69,"column":null}},"line":66},"6":{"name":"(anonymous_6)","decl":{"start":{"line":69,"column":4},"end":{"line":69,"column":21}},"loc":{"start":{"line":69,"column":21},"end":{"line":69,"column":37}},"line":69},"7":{"name":"(anonymous_7)","decl":{"start":{"line":73,"column":8},"end":{"line":73,"column":33}},"loc":{"start":{"line":73,"column":33},"end":{"line":73,"column":59}},"line":73},"8":{"name":"(anonymous_8)","decl":{"start":{"line":76,"column":2},"end":{"line":76,"column":18}},"loc":{"start":{"line":76,"column":18},"end":{"line":84,"column":6}},"line":76},"9":{"name":"(anonymous_9)","decl":{"start":{"line":77,"column":10},"end":{"line":77,"column":27}},"loc":{"start":{"line":77,"column":48},"end":{"line":79,"column":null}},"line":77},"10":{"name":"(anonymous_10)","decl":{"start":{"line":83,"column":4},"end":{"line":83,"column":17}},"loc":{"start":{"line":83,"column":17},"end":{"line":83,"column":69}},"line":83},"11":{"name":"(anonymous_11)","decl":{"start":{"line":142,"column":12},"end":{"line":142,"column":23}},"loc":{"start":{"line":142,"column":29},"end":{"line":142,"column":55}},"line":142},"12":{"name":"(anonymous_12)","decl":{"start":{"line":173,"column":16},"end":{"line":173,"column":21}},"loc":{"start":{"line":173,"column":46},"end":{"line":173,"column":null}},"line":173},"13":{"name":"(anonymous_13)","decl":{"start":{"line":174,"column":16},"end":{"line":174,"column":20}},"loc":{"start":{"line":174,"column":45},"end":{"line":174,"column":null}},"line":174}},"branchMap":{"0":{"loc":{"start":{"line":47,"column":11},"end":{"line":47,"column":null}},"type":"binary-expr","locations":[{"start":{"line":47,"column":11},"end":{"line":47,"column":48}},{"start":{"line":47,"column":52},"end":{"line":47,"column":null}}],"line":47},"1":{"loc":{"start":{"line":60,"column":4},"end":{"line":61,"column":null}},"type":"if","locations":[{"start":{"line":60,"column":4},"end":{"line":61,"column":null}},{"start":{},"end":{}}],"line":60},"2":{"loc":{"start":{"line":78,"column":6},"end":{"line":79,"column":null}},"type":"if","locations":[{"start":{"line":78,"column":6},"end":{"line":79,"column":null}},{"start":{},"end":{}}],"line":78},"3":{"loc":{"start":{"line":78,"column":10},"end":{"line":78,"column":44}},"type":"binary-expr","locations":[{"start":{"line":78,"column":10},"end":{"line":78,"column":32}},{"start":{"line":78,"column":32},"end":{"line":78,"column":44}}],"line":78},"4":{"loc":{"start":{"line":87,"column":40},"end":{"line":87,"column":72}},"type":"binary-expr","locations":[{"start":{"line":87,"column":40},"end":{"line":87,"column":54}},{"start":{"line":87,"column":54},"end":{"line":87,"column":72}}],"line":87},"5":{"loc":{"start":{"line":101,"column":13},"end":{"line":101,"column":null}},"type":"cond-expr","locations":[{"start":{"line":101,"column":26},"end":{"line":101,"column":53}},{"start":{"line":101,"column":52},"end":{"line":101,"column":null}}],"line":101},"6":{"loc":{"start":{"line":106,"column":15},"end":{"line":117,"column":null}},"type":"cond-expr","locations":[{"start":{"line":107,"column":16},"end":{"line":114,"column":null}},{"start":{"line":116,"column":16},"end":{"line":117,"column":null}}],"line":106},"7":{"loc":{"start":{"line":134,"column":51},"end":{"line":134,"column":74}},"type":"binary-expr","locations":[{"start":{"line":134,"column":51},"end":{"line":134,"column":65}},{"start":{"line":134,"column":65},"end":{"line":134,"column":74}}],"line":134},"8":{"loc":{"start":{"line":151,"column":13},"end":{"line":164,"column":null}},"type":"binary-expr","locations":[{"start":{"line":151,"column":13},"end":{"line":151,"column":null}},{"start":{"line":152,"column":14},"end":{"line":164,"column":null}}],"line":151},"9":{"loc":{"start":{"line":177,"column":15},"end":{"line":177,"column":null}},"type":"binary-expr","locations":[{"start":{"line":177,"column":15},"end":{"line":177,"column":26}},{"start":{"line":177,"column":26},"end":{"line":177,"column":null}}],"line":177}},"s":{"0":26,"1":1,"2":13,"3":5,"4":13,"5":13,"6":13,"7":13,"8":7,"9":13,"10":2,"11":1,"12":13,"13":1,"14":1,"15":1,"16":1,"17":13,"18":3,"19":13,"20":9,"21":1,"22":1,"23":9,"24":9,"25":9,"26":13,"27":1,"28":13,"29":35},"f":{"0":26,"1":13,"2":5,"3":7,"4":2,"5":1,"6":1,"7":3,"8":9,"9":1,"10":9,"11":1,"12":13,"13":35},"b":{"0":[5,5],"1":[1,1],"2":[1,0],"3":[1,1],"4":[13,2],"5":[2,11],"6":[1,12],"7":[13,2],"8":[13,2],"9":[13,1]},"meta":{"lastBranch":10,"lastFunction":14,"lastStatement":30,"seen":{"f:20:9:20:12":0,"s:21:2:21:Infinity":0,"s:25:24:25:Infinity":1,"f:45:9:45:15":1,"s:46:18:48:Infinity":2,"f:46:32:46:47":2,"s:47:4:47:Infinity":3,"b:47:11:47:48:47:52:47:Infinity":0,"s:49:17:49:45":4,"s:50:21:50:53":5,"s:51:8:51:55":6,"s:54:2:56:Infinity":7,"f:54:2:54:18":3,"s:55:4:55:Infinity":8,"s:59:8:61:Infinity":9,"f:59:8:59:28":4,"b:60:4:61:Infinity:undefined:undefined:undefined:undefined":1,"s:60:4:61:Infinity":10,"s:61:6:61:Infinity":11,"s:66:8:69:Infinity":12,"f:66:8:66:27":5,"s:67:4:67:Infinity":13,"s:68:4:68:Infinity":14,"s:69:4:69:Infinity":15,"f:69:4:69:21":6,"s:69:21:69:37":16,"s:73:8:73:59":17,"f:73:8:73:33":7,"s:73:33:73:59":18,"s:76:2:84:Infinity":19,"f:76:2:76:18":8,"s:77:10:79:Infinity":20,"f:77:10:77:27":9,"b:78:6:79:Infinity:undefined:undefined:undefined:undefined":2,"s:78:6:79:Infinity":21,"b:78:10:78:32:78:32:78:44":3,"s:79:8:79:Infinity":22,"s:82:4:82:Infinity":23,"s:83:4:83:Infinity":24,"f:83:4:83:17":10,"s:83:17:83:69":25,"s:86:2:189:Infinity":26,"b:87:40:87:54:87:54:87:72":4,"b:101:26:101:53:101:52:101:Infinity":5,"b:107:16:114:Infinity:116:16:117:Infinity":6,"b:134:51:134:65:134:65:134:74":7,"f:142:12:142:23":11,"s:142:29:142:55":27,"b:151:13:151:Infinity:152:14:164:Infinity":8,"f:173:16:173:21":12,"s:173:46:173:Infinity":28,"f:174:16:174:20":13,"s:174:45:174:Infinity":29,"b:177:15:177:26:177:26:177:Infinity":9}}}
}
